<?xml version="1.0" encoding="UTF-8"?>
<!-- Generated by org.testng.reporters.JUnitReportReporter -->
<testsuite hostname="LAPTOP-5RVEOITO" failures="0" tests="10" name="TestScripts.InvalidLoginTest" time="24.757" errors="0" timestamp="2025-03-13T10:38:58 IST" skipped="0">
  <testcase classname="TestScripts.InvalidLoginTest" name="invalidLoginTest" time="2.174"/>
  <testcase classname="TestScripts.InvalidLoginTest" name="invalidLoginTest" time="3.395"/>
  <testcase classname="TestScripts.InvalidLoginTest" name="invalidLoginTest" time="2.337"/>
  <testcase classname="TestScripts.InvalidLoginTest" name="invalidLoginTest" time="2.175"/>
  <testcase classname="TestScripts.InvalidLoginTest" name="invalidLoginTest" time="2.436"/>
  <testcase classname="TestScripts.InvalidLoginTest" name="invalidLoginTest" time="2.190"/>
  <testcase classname="TestScripts.InvalidLoginTest" name="invalidLoginTest" time="2.167"/>
  <testcase classname="TestScripts.InvalidLoginTest" name="invalidLoginTest" time="3.540"/>
  <testcase classname="TestScripts.InvalidLoginTest" name="invalidLoginTest" time="2.174"/>
  <testcase classname="TestScripts.InvalidLoginTest" name="invalidLoginTest" time="2.169"/>
  <system-out>
    <![CDATA[============Connecting the server===========
============Connecting the Database===========
=============closing the browser============
============closing  the DB===========
============Closing the server===========]]>
  </system-out>
</testsuite> <!-- TestScripts.InvalidLoginTest -->
