<?xml version="1.0" encoding="UTF-8"?>
<!-- Generated by org.testng.reporters.JUnitReportReporter -->
<testsuite hostname="LAPTOP-5RVEOITO" failures="0" tests="1" name="TestScripts.AssignLeaveTest" time="57.266" errors="0" timestamp="2025-03-13T11:06:32 IST" skipped="0">
  <testcase classname="TestScripts.AssignLeaveTest" name="assignLeaveTest" time="57.266"/>
  <system-out>
    <![CDATA[============Connecting the server===========
============Connecting the Database===========
========logout=====
========logout=====
=============closing the browser============
========logout=====
=============closing the browser============
========logout=====
=============closing the browser============
========logout=====
=============closing the browser============
============closing  the DB===========
============Closing the server===========]]>
  </system-out>
</testsuite> <!-- TestScripts.AssignLeaveTest -->
