<?xml version="1.0" encoding="UTF-8"?>
<!-- Generated by org.testng.reporters.JUnitReportReporter -->
<testsuite hostname="LAPTOP-5RVEOITO" failures="0" tests="1" name="TestScripts.MyInfoTest" time="20.472" errors="0" timestamp="2025-03-12T09:24:54 IST" skipped="0">
  <testcase classname="TestScripts.MyInfoTest" name="toPerformMyInfoTest" time="20.472"/>
  <system-out>
    <![CDATA[============Connecting the server===========
============Connecting the Database===========
========logout=====
=============closing the browser============
============closing  the DB===========
============Closing the server===========]]>
  </system-out>
</testsuite> <!-- TestScripts.MyInfoTest -->
